This is pdfTeX, Version 3.141592653-2.6-1.40.23 (MiKTeX 21.8) (preloaded format=pdflatex 2021.11.19)  27 MAR 2022 23:37
entering extended mode
**"D:/CEID/Î•ÏÎ³Î±ÏƒÎ¯ÎµÏ‚/7Î¿ Î•Î¾Î¬Î¼Î·Î½Î¿/Î•Ï€Î¹ÏƒÏ„Î·Î¼Î¿Î½Î¹ÎºÏŒÏ‚ Î¥Ï€Î
¿Î»Î¿Î³Î¹ÏƒÎ¼ÏŒÏ‚/Project.tex"

(D:/CEID/Î•ÏÎ³Î±ÏƒÎ¯ÎµÏ‚/7Î¿ Î•Î¾Î¬Î¼Î·Î½Î¿/Î•Ï€Î¹ÏƒÏ„Î·Î¼Î¿Î½Î¹ÎºÏŒÏ‚ Î¥Ï€Î¿Î
»Î¿Î³Î¹ÏƒÎ¼ÏŒÏ‚/Project.tex
LaTeX2e <2021-06-01> patch level 1
L3 programming layer <2021-08-27> (D:\Programs\Latex\tex/latex/base\report.cls
Document Class: report 2021/02/12 v1.4n Standard LaTeX document class
(D:\Programs\Latex\tex/latex/base\size10.clo
File: size10.clo 2021/02/12 v1.4n Standard LaTeX file (size option)
)
\c@part=\count182
\c@chapter=\count183
\c@section=\count184
\c@subsection=\count185
\c@subsubsection=\count186
\c@paragraph=\count187
\c@subparagraph=\count188
\c@figure=\count189
\c@table=\count190
\abovecaptionskip=\skip47
\belowcaptionskip=\skip48
\bibindent=\dimen138
)
(D:\Programs\Latex\tex/latex/graphics\graphicx.sty
Package: graphicx 2020/12/05 v1.2c Enhanced LaTeX Graphics (DPC,SPQR)

(D:\Programs\Latex\tex/latex/graphics\keyval.sty
Package: keyval 2014/10/28 v1.15 key=value parser (DPC)
\KV@toks@=\toks16
)
(D:\Programs\Latex\tex/latex/graphics\graphics.sty
Package: graphics 2021/03/04 v1.4d Standard LaTeX Graphics (DPC,SPQR)

(D:\Programs\Latex\tex/latex/graphics\trig.sty
Package: trig 2016/01/03 v1.10 sin cos tan (DPC)
)
(D:\Programs\Latex\tex/latex/graphics-cfg\graphics.cfg
File: graphics.cfg 2016/06/04 v1.11 sample graphics configuration
)
Package graphics Info: Driver file: pdftex.def on input line 107.

(D:\Programs\Latex\tex/latex/graphics-def\pdftex.def
File: pdftex.def 2020/10/05 v1.2a Graphics/color driver for pdftex
))
\Gin@req@height=\dimen139
\Gin@req@width=\dimen140
)
(D:\Programs\Latex\tex/latex/fancyhdr\fancyhdr.sty
Package: fancyhdr 2021/01/28 v4.0.1 Extensive control of page headers and foote
rs
\f@nch@headwidth=\skip49
\f@nch@O@elh=\skip50
\f@nch@O@erh=\skip51
\f@nch@O@olh=\skip52
\f@nch@O@orh=\skip53
\f@nch@O@elf=\skip54
\f@nch@O@erf=\skip55
\f@nch@O@olf=\skip56
\f@nch@O@orf=\skip57
)
(D:\Programs\Latex\tex/latex/l3backend\l3backend-pdftex.def
File: l3backend-pdftex.def 2021-08-04 L3 backend support: PDF output (pdfTeX)
\l__color_backend_stack_int=\count191
\l__pdf_internal_box=\box50
)
(D:/CEID/Î•ÏÎ³Î±ÏƒÎ¯ÎµÏ‚/7Î¿ Î•Î¾Î¬Î¼Î·Î½Î¿/Î•Ï€Î¹ÏƒÏ„Î·Î¼Î¿Î½Î¹ÎºÏŒÏ‚ Î¥Ï€Î¿Î
»Î¿Î³Î¹ÏƒÎ¼ÏŒÏ‚\Project.aux)
\openout1 = `Project.aux'.

LaTeX Font Info:    Checking defaults for OML/cmm/m/it on input line 10.
LaTeX Font Info:    ... okay on input line 10.
LaTeX Font Info:    Checking defaults for OMS/cmsy/m/n on input line 10.
LaTeX Font Info:    ... okay on input line 10.
LaTeX Font Info:    Checking defaults for OT1/cmr/m/n on input line 10.
LaTeX Font Info:    ... okay on input line 10.
LaTeX Font Info:    Checking defaults for T1/cmr/m/n on input line 10.
LaTeX Font Info:    ... okay on input line 10.
LaTeX Font Info:    Checking defaults for TS1/cmr/m/n on input line 10.
LaTeX Font Info:    ... okay on input line 10.
LaTeX Font Info:    Checking defaults for OMX/cmex/m/n on input line 10.
LaTeX Font Info:    ... okay on input line 10.
LaTeX Font Info:    Checking defaults for U/cmr/m/n on input line 10.
LaTeX Font Info:    ... okay on input line 10.

(D:\Programs\Latex\tex/context/base/mkii\supp-pdf.mkii
[Loading MPS to PDF converter (version 2006.09.02).]
\scratchcounter=\count192
\scratchdimen=\dimen141
\scratchbox=\box51
\nofMPsegments=\count193
\nofMParguments=\count194
\everyMPshowfont=\toks17
\MPscratchCnt=\count195
\MPscratchDim=\dimen142
\MPnumerator=\count196
\makeMPintoPDFobject=\count197
\everyMPtoPDFconversion=\toks18
) (D:\Programs\Latex\tex/latex/epstopdf-pkg\epstopdf-base.sty
Package: epstopdf-base 2020-01-24 v2.11 Base part for package epstopdf
Package epstopdf-base Info: Redefining graphics rule for `.eps' on input line 4
85.

(D:\Programs\Latex\tex/latex/00miktex\epstopdf-sys.cfg
File: epstopdf-sys.cfg 2021/03/18 v2.0 Configuration of epstopdf for MiKTeX
))
LaTeX Font Info:    External font `cmex10' loaded for size
(Font)              <12> on input line 13.
LaTeX Font Info:    External font `cmex10' loaded for size
(Font)              <8> on input line 13.
LaTeX Font Info:    External font `cmex10' loaded for size
(Font)              <6> on input line 13.


! Package inputenc Error: Unicode character Î¿ (U+03BF)
(inputenc)                not set up for use with LaTeX.

See the inputenc package documentation for explanation.
Type  H <return>  for immediate help.
 ...                                              
                                                  
l.13 \maketitle
               
? 
[1

{C:/Users/Tasos/AppData/Local/MiKTeX/pdftex/config/pdftex.map}]
Underfull \hbox (badness 10000) in paragraph at lines 14--20

 []

LaTeX Font Info:    External font `cmex10' loaded for size
(Font)              <7> on input line 21.
LaTeX Font Info:    External font `cmex10' loaded for size
(Font)              <5> on input line 21.

Overfull \hbox (37.43304pt too wide) in paragraph at lines 21--48
[][] 
 []

[1]
<1.png, id=11, 871.75688pt x 466.74374pt>
File: 1.png Graphic file (type png)
<use 1.png>
Package pdftex.def Info: 1.png  used on input line 52.
(pdftex.def)             Requested size: 435.87738pt x 233.37129pt.
<2.png, id=13, 948.54375pt x 502.12593pt>
File: 2.png Graphic file (type png)
<use 2.png>
Package pdftex.def Info: 2.png  used on input line 54.
(pdftex.def)             Requested size: 426.84074pt x 225.95457pt.

Underfull \hbox (badness 10000) in paragraph at lines 50--55

 []


Overfull \hbox (90.87738pt too wide) in paragraph at lines 50--55
[] 
 []


Overfull \hbox (81.84074pt too wide) in paragraph at lines 50--55
[] 
 []

[2 <D:/CEID/Î•ÏÎ³Î±ÏƒÎ¯ÎµÏ‚/7Î¿ Î•Î¾Î¬Î¼Î·Î½Î¿/Î•Ï€Î¹ÏƒÏ„Î·Î¼Î¿Î½Î¹ÎºÏŒÏ‚ Î¥Ï€
Î¿Î»Î¿Î³Î¹ÏƒÎ¼ÏŒÏ‚/1.png> <D:/CEID/Î•ÏÎ³Î±ÏƒÎ¯ÎµÏ‚/7Î¿ Î•Î¾Î¬Î¼Î·Î½Î¿/Î•Ï€Î¹Ïƒ
Ï„Î·Î¼Î¿Î½Î¹ÎºÏŒÏ‚ Î¥Ï€Î¿Î»Î¿Î³Î¹ÏƒÎ¼ÏŒÏ‚/2.png>]
Overfull \hbox (49.26865pt too wide) in paragraph at lines 57--63
[]\OT1/cmr/m/n/24.88 2. Araies ana-paras-ta-seis kai kataskeves
 []


Underfull \hbox (badness 10000) in paragraph at lines 57--63

 []


Underfull \hbox (badness 10000) in paragraph at lines 57--63

 []


Underfull \hbox (badness 10000) in paragraph at lines 63--66

 []


Underfull \hbox (badness 10000) in paragraph at lines 67--70

 []


Underfull \hbox (badness 10000) in paragraph at lines 71--78

 []


Underfull \hbox (badness 10000) in paragraph at lines 71--78

 []


Underfull \hbox (badness 10000) in paragraph at lines 71--78

 []


Underfull \hbox (badness 10000) in paragraph at lines 82--86

 []


Underfull \hbox (badness 10000) in paragraph at lines 82--86

 []

[3]
Underfull \hbox (badness 10000) in paragraph at lines 86--92

 []


Underfull \hbox (badness 10000) in paragraph at lines 86--92

 []


Underfull \hbox (badness 10000) in paragraph at lines 86--92

 []


Underfull \hbox (badness 10000) in paragraph at lines 86--92

 []

[4] (Project.aux) ) 
Here is how much of TeX's memory you used:
 1419 strings out of 478927
 21120 string characters out of 2865251
 358413 words of memory out of 3000000
 19307 multiletter control sequences out of 15000+600000
 406764 words of font info for 38 fonts, out of 8000000 for 9000
 1141 hyphenation exceptions out of 8191
 57i,12n,66p,1809b,219s stack positions out of 5000i,500n,10000p,200000b,80000s
<D:/Programs/Latex/fonts/type1/public/amsfonts/cm/cmex10.pfb
><D:/Programs/Latex/fonts/type1/public/amsfonts/cm/cmmi10.pfb><D:/Programs/Late
x/fonts/type1/public/amsfonts/cm/cmmi7.pfb><D:/Programs/Latex/fonts/type1/publi
c/amsfonts/cm/cmr10.pfb><D:/Programs/Latex/fonts/type1/public/amsfonts/cm/cmr12
.pfb><D:/Programs/Latex/fonts/type1/public/amsfonts/cm/cmr17.pfb>
Output written on Project.pdf (5 pages, 139963 bytes).
PDF statistics:
 53 PDF objects out of 1000 (max. 8388607)
 0 named destinations out of 1000 (max. 500000)
 11 words of extra memory for PDF output out of 10000 (max. 10000000)

